C:\Dev\Witter\Witter\Witter\Witter-SPA\dist\out-tsc\src\app\_models\user.js
C:\Dev\Witter\Witter\Witter\Witter-SPA\dist\out-tsc\src\app\_models\user.js.map
C:\Dev\Witter\Witter\Witter\Witter-SPA\dist\out-tsc\src\app\_services\alertify.service.js
C:\Dev\Witter\Witter\Witter\Witter-SPA\dist\out-tsc\src\app\_services\alertify.service.js.map
C:\Dev\Witter\Witter\Witter\Witter-SPA\dist\out-tsc\src\environments\environment.js
C:\Dev\Witter\Witter\Witter\Witter-SPA\dist\out-tsc\src\environments\environment.js.map
C:\Dev\Witter\Witter\Witter\Witter-SPA\dist\out-tsc\src\app\_services\auth.service.js
C:\Dev\Witter\Witter\Witter\Witter-SPA\dist\out-tsc\src\app\_services\auth.service.js.map
C:\Dev\Witter\Witter\Witter\Witter-SPA\dist\out-tsc\src\app\register\register.component.js
C:\Dev\Witter\Witter\Witter\Witter-SPA\dist\out-tsc\src\app\register\register.component.js.map
C:\Dev\Witter\Witter\Witter\Witter-SPA\dist\out-tsc\src\app\_models\team.js
C:\Dev\Witter\Witter\Witter\Witter-SPA\dist\out-tsc\src\app\_models\team.js.map
C:\Dev\Witter\Witter\Witter\Witter-SPA\dist\out-tsc\src\app\_models\score.js
C:\Dev\Witter\Witter\Witter\Witter-SPA\dist\out-tsc\src\app\_models\score.js.map
C:\Dev\Witter\Witter\Witter\Witter-SPA\dist\out-tsc\src\app\_models\match.js
C:\Dev\Witter\Witter\Witter\Witter-SPA\dist\out-tsc\src\app\_models\match.js.map
C:\Dev\Witter\Witter\Witter\Witter-SPA\dist\out-tsc\src\app\_services\match.service.js
C:\Dev\Witter\Witter\Witter\Witter-SPA\dist\out-tsc\src\app\_services\match.service.js.map
C:\Dev\Witter\Witter\Witter\Witter-SPA\dist\out-tsc\src\app\matches\matches.component.js
C:\Dev\Witter\Witter\Witter\Witter-SPA\dist\out-tsc\src\app\matches\matches.component.js.map
C:\Dev\Witter\Witter\Witter\Witter-SPA\dist\out-tsc\src\app\admin\admin-matches\admin-matches.component.js
C:\Dev\Witter\Witter\Witter\Witter-SPA\dist\out-tsc\src\app\admin\admin-matches\admin-matches.component.js.map
C:\Dev\Witter\Witter\Witter\Witter-SPA\dist\out-tsc\src\app\_services\team.service.js
C:\Dev\Witter\Witter\Witter\Witter-SPA\dist\out-tsc\src\app\_services\team.service.js.map
C:\Dev\Witter\Witter\Witter\Witter-SPA\dist\out-tsc\src\app\admin\admin-matches-form\admin-matches-form.component.js
C:\Dev\Witter\Witter\Witter\Witter-SPA\dist\out-tsc\src\app\admin\admin-matches-form\admin-matches-form.component.js.map
C:\Dev\Witter\Witter\Witter\Witter-SPA\dist\out-tsc\src\app\admin\admin-matches-form-edit\admin-matches-form-edit.component.js
C:\Dev\Witter\Witter\Witter\Witter-SPA\dist\out-tsc\src\app\admin\admin-matches-form-edit\admin-matches-form-edit.component.js.map
C:\Dev\Witter\Witter\Witter\Witter-SPA\dist\out-tsc\src\app\admin\admin-score-form\admin-score-form.component.js
C:\Dev\Witter\Witter\Witter\Witter-SPA\dist\out-tsc\src\app\admin\admin-score-form\admin-score-form.component.js.map
C:\Dev\Witter\Witter\Witter\Witter-SPA\dist\out-tsc\src\app\admin\admin-teams\admin-teams.component.js
C:\Dev\Witter\Witter\Witter\Witter-SPA\dist\out-tsc\src\app\admin\admin-teams\admin-teams.component.js.map
C:\Dev\Witter\Witter\Witter\Witter-SPA\dist\out-tsc\src\app\admin\admin-teams-form\admin-teams-form.component.js
C:\Dev\Witter\Witter\Witter\Witter-SPA\dist\out-tsc\src\app\admin\admin-teams-form\admin-teams-form.component.js.map
C:\Dev\Witter\Witter\Witter\Witter-SPA\dist\out-tsc\src\app\admin\admin-teams-form-edit\admin-teams-form-edit.component.js
C:\Dev\Witter\Witter\Witter\Witter-SPA\dist\out-tsc\src\app\admin\admin-teams-form-edit\admin-teams-form-edit.component.js.map
C:\Dev\Witter\Witter\Witter\Witter-SPA\dist\out-tsc\src\app\_services\user.service.js
C:\Dev\Witter\Witter\Witter\Witter-SPA\dist\out-tsc\src\app\_services\user.service.js.map
C:\Dev\Witter\Witter\Witter\Witter-SPA\dist\out-tsc\src\app\admin\admin-users\admin-users.component.js
C:\Dev\Witter\Witter\Witter\Witter-SPA\dist\out-tsc\src\app\admin\admin-users\admin-users.component.js.map
C:\Dev\Witter\Witter\Witter\Witter-SPA\dist\out-tsc\src\app\admin\admin-users-form-ban\admin-users-form-ban.component.js
C:\Dev\Witter\Witter\Witter\Witter-SPA\dist\out-tsc\src\app\admin\admin-users-form-ban\admin-users-form-ban.component.js.map
C:\Dev\Witter\Witter\Witter\Witter-SPA\dist\out-tsc\src\app\ranking\ranking.component.js
C:\Dev\Witter\Witter\Witter\Witter-SPA\dist\out-tsc\src\app\ranking\ranking.component.js.map
C:\Dev\Witter\Witter\Witter\Witter-SPA\dist\out-tsc\src\app\_models\bet.js
C:\Dev\Witter\Witter\Witter\Witter-SPA\dist\out-tsc\src\app\_models\bet.js.map
C:\Dev\Witter\Witter\Witter\Witter-SPA\dist\out-tsc\src\app\_services\bet.service.js
C:\Dev\Witter\Witter\Witter\Witter-SPA\dist\out-tsc\src\app\_services\bet.service.js.map
C:\Dev\Witter\Witter\Witter\Witter-SPA\dist\out-tsc\src\app\user-profile\user-profile.component.js
C:\Dev\Witter\Witter\Witter\Witter-SPA\dist\out-tsc\src\app\user-profile\user-profile.component.js.map
C:\Dev\Witter\Witter\Witter\Witter-SPA\dist\out-tsc\src\app\app-routing.module.js
C:\Dev\Witter\Witter\Witter\Witter-SPA\dist\out-tsc\src\app\app-routing.module.js.map
C:\Dev\Witter\Witter\Witter\Witter-SPA\dist\out-tsc\src\app\app.component.js
C:\Dev\Witter\Witter\Witter\Witter-SPA\dist\out-tsc\src\app\app.component.js.map
C:\Dev\Witter\Witter\Witter\Witter-SPA\dist\out-tsc\src\app\_services\error.interceptor.js
C:\Dev\Witter\Witter\Witter\Witter-SPA\dist\out-tsc\src\app\_services\error.interceptor.js.map
C:\Dev\Witter\Witter\Witter\Witter-SPA\dist\out-tsc\src\app\nav\nav.component.js
C:\Dev\Witter\Witter\Witter\Witter-SPA\dist\out-tsc\src\app\nav\nav.component.js.map
C:\Dev\Witter\Witter\Witter\Witter-SPA\dist\out-tsc\src\app\bet-form\bet-form.component.js
C:\Dev\Witter\Witter\Witter\Witter-SPA\dist\out-tsc\src\app\bet-form\bet-form.component.js.map
C:\Dev\Witter\Witter\Witter\Witter-SPA\dist\out-tsc\src\app\app.module.js
C:\Dev\Witter\Witter\Witter\Witter-SPA\dist\out-tsc\src\app\app.module.js.map
C:\Dev\Witter\Witter\Witter\Witter-SPA\dist\out-tsc\src\main.js
C:\Dev\Witter\Witter\Witter\Witter-SPA\dist\out-tsc\src\main.js.map
C:\Dev\Witter\Witter\Witter\Witter-SPA\dist\out-tsc\src\polyfills.js
C:\Dev\Witter\Witter\Witter\Witter-SPA\dist\out-tsc\src\polyfills.js.map
C:\Dev\Witter\Witter\Witter\Witter-SPA\dist\out-tsc\src\test.js
C:\Dev\Witter\Witter\Witter\Witter-SPA\dist\out-tsc\src\test.js.map
C:\Dev\Witter\Witter\Witter\Witter-SPA\dist\out-tsc\e2e\src\app.po.js
C:\Dev\Witter\Witter\Witter\Witter-SPA\dist\out-tsc\e2e\src\app.po.js.map
C:\Dev\Witter\Witter\Witter\Witter-SPA\dist\out-tsc\e2e\src\app.e2e-spec.js
C:\Dev\Witter\Witter\Witter\Witter-SPA\dist\out-tsc\e2e\src\app.e2e-spec.js.map
C:\Dev\Witter\Witter\Witter\Witter-SPA\dist\out-tsc\src\app\app.component.spec.js
C:\Dev\Witter\Witter\Witter\Witter-SPA\dist\out-tsc\src\app\app.component.spec.js.map
C:\Dev\Witter\Witter\Witter\Witter-SPA\dist\out-tsc\src\environments\environment.prod.js
C:\Dev\Witter\Witter\Witter\Witter-SPA\dist\out-tsc\src\environments\environment.prod.js.map
C:\Dev\Witter\Witter\Witter\Witter-SPA\dist\out-tsc\src\app\bet-form\bet-form.component.spec.js
C:\Dev\Witter\Witter\Witter\Witter-SPA\dist\out-tsc\src\app\bet-form\bet-form.component.spec.js.map
C:\Dev\Witter\Witter\Witter\Witter-SPA\dist\out-tsc\src\app\matches\matches.component.spec.js
C:\Dev\Witter\Witter\Witter\Witter-SPA\dist\out-tsc\src\app\matches\matches.component.spec.js.map
C:\Dev\Witter\Witter\Witter\Witter-SPA\dist\out-tsc\src\app\nav\nav.component.spec.js
C:\Dev\Witter\Witter\Witter\Witter-SPA\dist\out-tsc\src\app\nav\nav.component.spec.js.map
C:\Dev\Witter\Witter\Witter\Witter-SPA\dist\out-tsc\src\app\ranking\ranking.component.spec.js
C:\Dev\Witter\Witter\Witter\Witter-SPA\dist\out-tsc\src\app\ranking\ranking.component.spec.js.map
C:\Dev\Witter\Witter\Witter\Witter-SPA\dist\out-tsc\src\app\register\register.component.spec.js
C:\Dev\Witter\Witter\Witter\Witter-SPA\dist\out-tsc\src\app\register\register.component.spec.js.map
C:\Dev\Witter\Witter\Witter\Witter-SPA\dist\out-tsc\src\app\user-profile\user-profile.component.spec.js
C:\Dev\Witter\Witter\Witter\Witter-SPA\dist\out-tsc\src\app\user-profile\user-profile.component.spec.js.map
C:\Dev\Witter\Witter\Witter\Witter-SPA\dist\out-tsc\src\app\_services\bet.service.spec.js
C:\Dev\Witter\Witter\Witter\Witter-SPA\dist\out-tsc\src\app\_services\bet.service.spec.js.map
C:\Dev\Witter\Witter\Witter\Witter-SPA\dist\out-tsc\src\app\_services\match.service.spec.js
C:\Dev\Witter\Witter\Witter\Witter-SPA\dist\out-tsc\src\app\_services\match.service.spec.js.map
C:\Dev\Witter\Witter\Witter\Witter-SPA\dist\out-tsc\src\app\_services\team.service.spec.js
C:\Dev\Witter\Witter\Witter\Witter-SPA\dist\out-tsc\src\app\_services\team.service.spec.js.map
C:\Dev\Witter\Witter\Witter\Witter-SPA\dist\out-tsc\src\app\_services\user.service.spec.js
C:\Dev\Witter\Witter\Witter\Witter-SPA\dist\out-tsc\src\app\_services\user.service.spec.js.map
C:\Dev\Witter\Witter\Witter\Witter-SPA\dist\out-tsc\src\app\admin\admin-matches\admin-matches.component.spec.js
C:\Dev\Witter\Witter\Witter\Witter-SPA\dist\out-tsc\src\app\admin\admin-matches\admin-matches.component.spec.js.map
C:\Dev\Witter\Witter\Witter\Witter-SPA\dist\out-tsc\src\app\admin\admin-matches-form\admin-matches-form.component.spec.js
C:\Dev\Witter\Witter\Witter\Witter-SPA\dist\out-tsc\src\app\admin\admin-matches-form\admin-matches-form.component.spec.js.map
C:\Dev\Witter\Witter\Witter\Witter-SPA\dist\out-tsc\src\app\admin\admin-matches-form-edit\admin-matches-form-edit.component.spec.js
C:\Dev\Witter\Witter\Witter\Witter-SPA\dist\out-tsc\src\app\admin\admin-matches-form-edit\admin-matches-form-edit.component.spec.js.map
C:\Dev\Witter\Witter\Witter\Witter-SPA\dist\out-tsc\src\app\admin\admin-score-form\admin-score-form.component.spec.js
C:\Dev\Witter\Witter\Witter\Witter-SPA\dist\out-tsc\src\app\admin\admin-score-form\admin-score-form.component.spec.js.map
C:\Dev\Witter\Witter\Witter\Witter-SPA\dist\out-tsc\src\app\admin\admin-teams\admin-teams.component.spec.js
C:\Dev\Witter\Witter\Witter\Witter-SPA\dist\out-tsc\src\app\admin\admin-teams\admin-teams.component.spec.js.map
C:\Dev\Witter\Witter\Witter\Witter-SPA\dist\out-tsc\src\app\admin\admin-teams-form\admin-teams-form.component.spec.js
C:\Dev\Witter\Witter\Witter\Witter-SPA\dist\out-tsc\src\app\admin\admin-teams-form\admin-teams-form.component.spec.js.map
C:\Dev\Witter\Witter\Witter\Witter-SPA\dist\out-tsc\src\app\admin\admin-teams-form-edit\admin-teams-form-edit.component.spec.js
C:\Dev\Witter\Witter\Witter\Witter-SPA\dist\out-tsc\src\app\admin\admin-teams-form-edit\admin-teams-form-edit.component.spec.js.map
C:\Dev\Witter\Witter\Witter\Witter-SPA\dist\out-tsc\src\app\admin\admin-users\admin-users.component.spec.js
C:\Dev\Witter\Witter\Witter\Witter-SPA\dist\out-tsc\src\app\admin\admin-users\admin-users.component.spec.js.map
C:\Dev\Witter\Witter\Witter\Witter-SPA\dist\out-tsc\src\app\admin\admin-users-form-ban\admin-users-form-ban.component.spec.js
C:\Dev\Witter\Witter\Witter\Witter-SPA\dist\out-tsc\src\app\admin\admin-users-form-ban\admin-users-form-ban.component.spec.js.map
